0 info it worked if it ends with ok
1 verbose cli [ '/usr/bin/nodejs', '/usr/local/bin/npm', 'start' ]
2 info using npm@3.10.9
3 info using node@v5.12.0
4 verbose run-script [ 'prestart', 'start', 'poststart' ]
5 info lifecycle github-profile-searcher@1.0.0~prestart: github-profile-searcher@1.0.0
6 silly lifecycle github-profile-searcher@1.0.0~prestart: no script for prestart, continuing
7 info lifecycle github-profile-searcher@1.0.0~start: github-profile-searcher@1.0.0
8 verbose lifecycle github-profile-searcher@1.0.0~start: unsafe-perm in lifecycle true
9 verbose lifecycle github-profile-searcher@1.0.0~start: PATH: /usr/local/lib/node_modules/npm/bin/node-gyp-bin:/home/winder/Documents/workspace-sts-3.8.2.RELEASE/spring-boot-w/src/main/resources/static/node_modules/.bin:/home/winder/.rvm/gems/ruby-2.2.4/bin:/home/winder/.rvm/gems/ruby-2.2.4@global/bin:/home/winder/.rvm/rubies/ruby-2.2.4/bin:/usr/local/heroku/bin:/usr/local/sbin:/usr/local/bin:/usr/sbin:/usr/bin:/sbin:/bin:/usr/games:/usr/local/games:/snap/bin:/usr/lib/jvm/java-8-oracle/bin:/usr/lib/jvm/java-8-oracle/db/bin:/usr/lib/jvm/java-8-oracle/jre/bin:/home/winder/.rvm/bin:/snap/bin:/usr/lib/jvm/java-8-oracle/bin:/usr/lib/jvm/java-8-oracle/db/bin:/usr/lib/jvm/java-8-oracle/jre/bin:/home/winder/.rvm/bin:/home/winder/.rvm/bin
10 verbose lifecycle github-profile-searcher@1.0.0~start: CWD: /home/winder/Documents/workspace-sts-3.8.2.RELEASE/spring-boot-w/src/main/resources/static
11 silly lifecycle github-profile-searcher@1.0.0~start: Args: [ '-c', 'tsc && concurrently "tsc -w" "lite-server" ' ]
12 silly lifecycle github-profile-searcher@1.0.0~start: Returned: code: 1  signal: null
13 info lifecycle github-profile-searcher@1.0.0~start: Failed to exec start script
14 verbose stack Error: github-profile-searcher@1.0.0 start: `tsc && concurrently "tsc -w" "lite-server" `
14 verbose stack Exit status 1
14 verbose stack     at EventEmitter.<anonymous> (/usr/local/lib/node_modules/npm/lib/utils/lifecycle.js:255:16)
14 verbose stack     at emitTwo (events.js:100:13)
14 verbose stack     at EventEmitter.emit (events.js:185:7)
14 verbose stack     at ChildProcess.<anonymous> (/usr/local/lib/node_modules/npm/lib/utils/spawn.js:40:14)
14 verbose stack     at emitTwo (events.js:100:13)
14 verbose stack     at ChildProcess.emit (events.js:185:7)
14 verbose stack     at maybeClose (internal/child_process.js:850:16)
14 verbose stack     at Process.ChildProcess._handle.onexit (internal/child_process.js:215:5)
15 verbose pkgid github-profile-searcher@1.0.0
16 verbose cwd /home/winder/Documents/workspace-sts-3.8.2.RELEASE/spring-boot-w/src/main/resources/static
17 error Linux 4.4.0-47-generic
18 error argv "/usr/bin/nodejs" "/usr/local/bin/npm" "start"
19 error node v5.12.0
20 error npm  v3.10.9
21 error code ELIFECYCLE
22 error github-profile-searcher@1.0.0 start: `tsc && concurrently "tsc -w" "lite-server" `
22 error Exit status 1
23 error Failed at the github-profile-searcher@1.0.0 start script 'tsc && concurrently "tsc -w" "lite-server" '.
23 error Make sure you have the latest version of node.js and npm installed.
23 error If you do, this is most likely a problem with the github-profile-searcher package,
23 error not with npm itself.
23 error Tell the author that this fails on your system:
23 error     tsc && concurrently "tsc -w" "lite-server"
23 error You can get information on how to open an issue for this project with:
23 error     npm bugs github-profile-searcher
23 error Or if that isn't available, you can get their info via:
23 error     npm owner ls github-profile-searcher
23 error There is likely additional logging output above.
24 verbose exit [ 1, true ]
